<?xml version="1.0" encoding="UTF-8" ?>
<testsuite tests="38" failures="0" name="volgyerdo.commons.primitive.ArrayUtilsTest" time="0.267" errors="0" skipped="0">
  <properties>
    <property name="java.runtime.name" value="OpenJDK Runtime Environment"/>
    <property name="java.vm.version" value="21.0.8+9-LTS"/>
    <property name="sun.boot.library.path" value="/opt/jdk/jdk-21.0.8+9/lib"/>
    <property name="maven.multiModuleProjectDirectory" value="/media/PROJECTS/Github/commons"/>
    <property name="java.vm.vendor" value="Eclipse Adoptium"/>
    <property name="java.vendor.url" value="https://adoptium.net/"/>
    <property name="guice.disable.misplaced.annotation.check" value="true"/>
    <property name="path.separator" value=":"/>
    <property name="java.vm.name" value="OpenJDK 64-Bit Server VM"/>
    <property name="user.country" value="HU"/>
    <property name="sun.java.launcher" value="SUN_STANDARD"/>
    <property name="java.vm.specification.name" value="Java Virtual Machine Specification"/>
    <property name="user.dir" value="/media/PROJECTS/Github/commons"/>
    <property name="java.vm.compressedOopsMode" value="Zero based"/>
    <property name="java.runtime.version" value="21.0.8+9-LTS"/>
    <property name="os.arch" value="amd64"/>
    <property name="java.io.tmpdir" value="/tmp"/>
    <property name="line.separator" value="
"/>
    <property name="java.vm.specification.vendor" value="Oracle Corporation"/>
    <property name="stderr.encoding" value="UTF-8"/>
    <property name="os.name" value="Linux"/>
    <property name="classworlds.conf" value="/usr/share/maven/bin/m2.conf"/>
    <property name="sun.jnu.encoding" value="UTF-8"/>
    <property name="stdout.encoding" value="UTF-8"/>
    <property name="java.library.path" value="/usr/java/packages/lib:/usr/lib64:/lib64:/lib:/usr/lib"/>
    <property name="maven.conf" value="/usr/share/maven/conf"/>
    <property name="jdk.debug" value="release"/>
    <property name="java.class.version" value="65.0"/>
    <property name="java.specification.name" value="Java Platform API Specification"/>
    <property name="sun.management.compiler" value="HotSpot 64-Bit Tiered Compilers"/>
    <property name="os.version" value="6.8.0-65-generic"/>
    <property name="library.jansi.path" value="/usr/share/maven/lib/jansi-native"/>
    <property name="user.home" value="/home/zsolt"/>
    <property name="user.timezone" value="Europe/Budapest"/>
    <property name="file.encoding" value="UTF-8"/>
    <property name="java.specification.version" value="21"/>
    <property name="user.name" value="zsolt"/>
    <property name="java.class.path" value="/usr/share/maven/boot/plexus-classworlds-2.x.jar"/>
    <property name="org.slf4j.simpleLogger.defaultLogLevel" value="error"/>
    <property name="java.vm.specification.version" value="21"/>
    <property name="sun.arch.data.model" value="64"/>
    <property name="sun.java.command" value="org.codehaus.plexus.classworlds.launcher.Launcher -q install"/>
    <property name="java.home" value="/opt/jdk/jdk-21.0.8+9"/>
    <property name="user.language" value="hu"/>
    <property name="java.specification.vendor" value="Oracle Corporation"/>
    <property name="java.vm.info" value="mixed mode, sharing"/>
    <property name="java.version" value="21.0.8"/>
    <property name="native.encoding" value="UTF-8"/>
    <property name="java.vendor" value="Eclipse Adoptium"/>
    <property name="maven.home" value="/usr/share/maven"/>
    <property name="file.separator" value="/"/>
    <property name="java.version.date" value="2025-07-15"/>
    <property name="java.vendor.url.bug" value="https://github.com/adoptium/adoptium-support/issues"/>
    <property name="sun.io.unicode.encoding" value="UnicodeLittle"/>
    <property name="sun.cpu.endian" value="little"/>
    <property name="java.vendor.version" value="Temurin-21.0.8+9"/>
  </properties>
  <testcase classname="volgyerdo.commons.primitive.ArrayUtilsTest" name="testReverse_shortArr" time="0"/>
  <testcase classname="volgyerdo.commons.primitive.ArrayUtilsTest" name="testMultiply_shortArr_short" time="0"/>
  <testcase classname="volgyerdo.commons.primitive.ArrayUtilsTest" name="testToByteArray_floatArr" time="0"/>
  <testcase classname="volgyerdo.commons.primitive.ArrayUtilsTest" name="testSum" time="0"/>
  <testcase classname="volgyerdo.commons.primitive.ArrayUtilsTest" name="testDevide_floatArr_float" time="0"/>
  <testcase classname="volgyerdo.commons.primitive.ArrayUtilsTest" name="testToByteArray_longArr" time="0"/>
  <testcase classname="volgyerdo.commons.primitive.ArrayUtilsTest" name="testProduct" time="0"/>
  <testcase classname="volgyerdo.commons.primitive.ArrayUtilsTest" name="testDoubleBooleanConversion" time="0.08"/>
  <testcase classname="volgyerdo.commons.primitive.ArrayUtilsTest" name="testAdd_shortArr_short" time="0"/>
  <testcase classname="volgyerdo.commons.primitive.ArrayUtilsTest" name="testByteBooleanConversion" time="0.008"/>
  <testcase classname="volgyerdo.commons.primitive.ArrayUtilsTest" name="testMultiply_floatArr_float" time="0"/>
  <testcase classname="volgyerdo.commons.primitive.ArrayUtilsTest" name="testIntBooleanConversion" time="0.129"/>
  <testcase classname="volgyerdo.commons.primitive.ArrayUtilsTest" name="testToByteArray_charArr" time="0"/>
  <testcase classname="volgyerdo.commons.primitive.ArrayUtilsTest" name="testToByteArray_doubleArr" time="0"/>
  <testcase classname="volgyerdo.commons.primitive.ArrayUtilsTest" name="testLongBooleanConversion" time="0.012"/>
  <testcase classname="volgyerdo.commons.primitive.ArrayUtilsTest" name="testReverse_floatArr" time="0"/>
  <testcase classname="volgyerdo.commons.primitive.ArrayUtilsTest" name="testToByteArray_shortArr" time="0"/>
  <testcase classname="volgyerdo.commons.primitive.ArrayUtilsTest" name="testProcess_floatArr_FloatArrayOperator" time="0"/>
  <testcase classname="volgyerdo.commons.primitive.ArrayUtilsTest" name="testFloatBooleanConversion" time="0.038"/>
  <testcase classname="volgyerdo.commons.primitive.ArrayUtilsTest" name="testRandomize_3args_1" time="0"/>
  <testcase classname="volgyerdo.commons.primitive.ArrayUtilsTest" name="testRandomize_3args_2" time="0"/>
  <testcase classname="volgyerdo.commons.primitive.ArrayUtilsTest" name="testRandomize_3args_3" time="0"/>
  <testcase classname="volgyerdo.commons.primitive.ArrayUtilsTest" name="testDevide_byteArr_byte" time="0"/>
  <testcase classname="volgyerdo.commons.primitive.ArrayUtilsTest" name="testToByteArray_Object" time="0"/>
  <testcase classname="volgyerdo.commons.primitive.ArrayUtilsTest" name="testAdd_floatArr_float" time="0"/>
  <testcase classname="volgyerdo.commons.primitive.ArrayUtilsTest" name="testToByteArray_booleanArr" time="0"/>
  <testcase classname="volgyerdo.commons.primitive.ArrayUtilsTest" name="testReverse_byteArr" time="0"/>
  <testcase classname="volgyerdo.commons.primitive.ArrayUtilsTest" name="testProcess_byteArr_ByteArrayOperator" time="0"/>
  <testcase classname="volgyerdo.commons.primitive.ArrayUtilsTest" name="testToGZIPByteArray" time="0"/>
  <testcase classname="volgyerdo.commons.primitive.ArrayUtilsTest" name="testToBooleanArray" time="0"/>
  <testcase classname="volgyerdo.commons.primitive.ArrayUtilsTest" name="testMultiply_byteArr_byte" time="0"/>
  <testcase classname="volgyerdo.commons.primitive.ArrayUtilsTest" name="testAdd_byteArr_byte" time="0"/>
  <testcase classname="volgyerdo.commons.primitive.ArrayUtilsTest" name="testToByteArray_intArr" time="0"/>
  <testcase classname="volgyerdo.commons.primitive.ArrayUtilsTest" name="testReverse_intArr" time="0"/>
  <testcase classname="volgyerdo.commons.primitive.ArrayUtilsTest" name="testToGZIP" time="0"/>
  <testcase classname="volgyerdo.commons.primitive.ArrayUtilsTest" name="testShortBooleanConversion" time="0"/>
  <testcase classname="volgyerdo.commons.primitive.ArrayUtilsTest" name="testDevide_shortArr_short" time="0"/>
  <testcase classname="volgyerdo.commons.primitive.ArrayUtilsTest" name="testProcess_shortArr_ShortArrayOperator" time="0"/>
</testsuite>