<?xml version="1.0" encoding="UTF-8" ?>
<testsuite tests="28" failures="0" name="volgyerdo.commons.math.tensor.ByteTensorTest" time="0.016" errors="0" skipped="0">
  <properties>
    <property name="java.runtime.name" value="OpenJDK Runtime Environment"/>
    <property name="java.vm.version" value="21.0.8+9-LTS"/>
    <property name="sun.boot.library.path" value="/opt/jdk/jdk-21.0.8+9/lib"/>
    <property name="maven.multiModuleProjectDirectory" value="/media/PROJECTS/Github/commons"/>
    <property name="java.vm.vendor" value="Eclipse Adoptium"/>
    <property name="java.vendor.url" value="https://adoptium.net/"/>
    <property name="guice.disable.misplaced.annotation.check" value="true"/>
    <property name="path.separator" value=":"/>
    <property name="java.vm.name" value="OpenJDK 64-Bit Server VM"/>
    <property name="user.country" value="HU"/>
    <property name="sun.java.launcher" value="SUN_STANDARD"/>
    <property name="java.vm.specification.name" value="Java Virtual Machine Specification"/>
    <property name="user.dir" value="/media/PROJECTS/Github/commons"/>
    <property name="java.vm.compressedOopsMode" value="Zero based"/>
    <property name="java.runtime.version" value="21.0.8+9-LTS"/>
    <property name="os.arch" value="amd64"/>
    <property name="java.io.tmpdir" value="/tmp"/>
    <property name="line.separator" value="
"/>
    <property name="java.vm.specification.vendor" value="Oracle Corporation"/>
    <property name="stderr.encoding" value="UTF-8"/>
    <property name="os.name" value="Linux"/>
    <property name="classworlds.conf" value="/usr/share/maven/bin/m2.conf"/>
    <property name="sun.jnu.encoding" value="UTF-8"/>
    <property name="stdout.encoding" value="UTF-8"/>
    <property name="java.library.path" value="/usr/java/packages/lib:/usr/lib64:/lib64:/lib:/usr/lib"/>
    <property name="maven.conf" value="/usr/share/maven/conf"/>
    <property name="jdk.debug" value="release"/>
    <property name="java.class.version" value="65.0"/>
    <property name="java.specification.name" value="Java Platform API Specification"/>
    <property name="sun.management.compiler" value="HotSpot 64-Bit Tiered Compilers"/>
    <property name="os.version" value="6.8.0-60-generic"/>
    <property name="library.jansi.path" value="/usr/share/maven/lib/jansi-native"/>
    <property name="user.home" value="/home/zsolt"/>
    <property name="user.timezone" value="Europe/Budapest"/>
    <property name="file.encoding" value="UTF-8"/>
    <property name="java.specification.version" value="21"/>
    <property name="user.name" value="zsolt"/>
    <property name="java.class.path" value="/usr/share/maven/boot/plexus-classworlds-2.x.jar"/>
    <property name="java.vm.specification.version" value="21"/>
    <property name="sun.arch.data.model" value="64"/>
    <property name="sun.java.command" value="org.codehaus.plexus.classworlds.launcher.Launcher clean install"/>
    <property name="java.home" value="/opt/jdk/jdk-21.0.8+9"/>
    <property name="user.language" value="hu"/>
    <property name="java.specification.vendor" value="Oracle Corporation"/>
    <property name="java.vm.info" value="mixed mode, sharing"/>
    <property name="java.version" value="21.0.8"/>
    <property name="native.encoding" value="UTF-8"/>
    <property name="java.vendor" value="Eclipse Adoptium"/>
    <property name="maven.home" value="/usr/share/maven"/>
    <property name="file.separator" value="/"/>
    <property name="java.version.date" value="2025-07-15"/>
    <property name="java.vendor.url.bug" value="https://github.com/adoptium/adoptium-support/issues"/>
    <property name="sun.io.unicode.encoding" value="UnicodeLittle"/>
    <property name="sun.cpu.endian" value="little"/>
    <property name="java.vendor.version" value="Temurin-21.0.8+9"/>
  </properties>
  <testcase classname="volgyerdo.commons.math.tensor.ByteTensorTest" name="testRotateTensor" time="0"/>
  <testcase classname="volgyerdo.commons.math.tensor.ByteTensorTest" name="testAddByte" time="0"/>
  <testcase classname="volgyerdo.commons.math.tensor.ByteTensorTest" name="testRandomizeFloat" time="0"/>
  <testcase classname="volgyerdo.commons.math.tensor.ByteTensorTest" name="testRandomizeShort" time="0"/>
  <testcase classname="volgyerdo.commons.math.tensor.ByteTensorTest" name="testGetShortValue" time="0"/>
  <testcase classname="volgyerdo.commons.math.tensor.ByteTensorTest" name="testGetByteValue" time="0.001"/>
  <testcase classname="volgyerdo.commons.math.tensor.ByteTensorTest" name="testConvolvePartial" time="0.002"/>
  <testcase classname="volgyerdo.commons.math.tensor.ByteTensorTest" name="testSetObjectValue" time="0"/>
  <testcase classname="volgyerdo.commons.math.tensor.ByteTensorTest" name="testCloneTensor" time="0"/>
  <testcase classname="volgyerdo.commons.math.tensor.ByteTensorTest" name="testAddFloat" time="0.001"/>
  <testcase classname="volgyerdo.commons.math.tensor.ByteTensorTest" name="testAddShort" time="0"/>
  <testcase classname="volgyerdo.commons.math.tensor.ByteTensorTest" name="testSetShortValue" time="0.002"/>
  <testcase classname="volgyerdo.commons.math.tensor.ByteTensorTest" name="testHadamardProduct" time="0"/>
  <testcase classname="volgyerdo.commons.math.tensor.ByteTensorTest" name="testSubstractByte" time="0"/>
  <testcase classname="volgyerdo.commons.math.tensor.ByteTensorTest" name="testRandomizeByte" time="0"/>
  <testcase classname="volgyerdo.commons.math.tensor.ByteTensorTest" name="testConvolve" time="0.002"/>
  <testcase classname="volgyerdo.commons.math.tensor.ByteTensorTest" name="testSubstarctTensor" time="0"/>
  <testcase classname="volgyerdo.commons.math.tensor.ByteTensorTest" name="testTransposeTensor" time="0"/>
  <testcase classname="volgyerdo.commons.math.tensor.ByteTensorTest" name="testSetByteValue" time="0.001"/>
  <testcase classname="volgyerdo.commons.math.tensor.ByteTensorTest" name="testGetFloatValue" time="0.002"/>
  <testcase classname="volgyerdo.commons.math.tensor.ByteTensorTest" name="testAddTensor" time="0"/>
  <testcase classname="volgyerdo.commons.math.tensor.ByteTensorTest" name="testGetObjectValue" time="0"/>
  <testcase classname="volgyerdo.commons.math.tensor.ByteTensorTest" name="testNegateTensor" time="0"/>
  <testcase classname="volgyerdo.commons.math.tensor.ByteTensorTest" name="testEquals" time="0"/>
  <testcase classname="volgyerdo.commons.math.tensor.ByteTensorTest" name="testSetFloatValue" time="0.001"/>
  <testcase classname="volgyerdo.commons.math.tensor.ByteTensorTest" name="testMultiply" time="0.004"/>
  <testcase classname="volgyerdo.commons.math.tensor.ByteTensorTest" name="testSubstractFloat" time="0"/>
  <testcase classname="volgyerdo.commons.math.tensor.ByteTensorTest" name="testSubstarctShort" time="0"/>
</testsuite>